log4j:WARN No appenders could be found for logger (org.apache.hadoop.util.Shell).
log4j:WARN Please initialize the log4j system properly.
log4j:WARN See http://logging.apache.org/log4j/1.2/faq.html#noconfig for more info.
Connecting to jdbc:hive2://hadoop-03.uni.innopolis.ru:10001
Connected to: Apache Hive (version 3.1.3)
Driver: Hive JDBC (version 2.3.9)
Transaction isolation: TRANSACTION_REPEATABLE_READ
INFO  : Compiling command(queryId=hive_20260428131417_9e596379-f200-45c0-88f6-083265bf4f92): USE team3_projectdb
INFO  : Semantic Analysis Completed (retrial = false)
INFO  : Returning Hive schema: Schema(fieldSchemas:null, properties:null)
INFO  : EXPLAIN output for queryid hive_20260428131417_9e596379-f200-45c0-88f6-083265bf4f92 : STAGE DEPENDENCIES:
  Stage-0 is a root stage [DDL]

STAGE PLANS:
  Stage: Stage-0


INFO  : Completed compiling command(queryId=hive_20260428131417_9e596379-f200-45c0-88f6-083265bf4f92); Time taken: 0.053 seconds
INFO  : Executing command(queryId=hive_20260428131417_9e596379-f200-45c0-88f6-083265bf4f92): USE team3_projectdb
INFO  : Starting task [Stage-0:DDL] in serial mode
INFO  : Completed executing command(queryId=hive_20260428131417_9e596379-f200-45c0-88f6-083265bf4f92); Time taken: 0.008 seconds
INFO  : OK
No rows affected (0.112 seconds)
INFO  : Compiling command(queryId=hive_20260428131417_0f7b4747-db43-4045-8826-72a962762cf6): SHOW TABLES LIKE 'stage4*'
INFO  : Semantic Analysis Completed (retrial = false)
INFO  : Returning Hive schema: Schema(fieldSchemas:[FieldSchema(name:tab_name, type:string, comment:from deserializer)], properties:null)
INFO  : EXPLAIN output for queryid hive_20260428131417_0f7b4747-db43-4045-8826-72a962762cf6 : STAGE DEPENDENCIES:
  Stage-0 is a root stage [DDL]
  Stage-1 depends on stages: Stage-0 [FETCH]

STAGE PLANS:
  Stage: Stage-0
      Show Table Operator:
        Show Tables
          database name: team3_projectdb
          pattern: stage4*
          result file: file:/tmp/hive/63ed0e1e-c7a8-4ce6-a080-2522bc340007/hive_2026-04-28_13-14-17_434_9016797923830139490-16311/-local-10000

  Stage: Stage-1
    Fetch Operator
      limit: -1
      Processor Tree:
        ListSink


INFO  : Completed compiling command(queryId=hive_20260428131417_0f7b4747-db43-4045-8826-72a962762cf6); Time taken: 0.015 seconds
INFO  : Executing command(queryId=hive_20260428131417_0f7b4747-db43-4045-8826-72a962762cf6): SHOW TABLES LIKE 'stage4*'
INFO  : Starting task [Stage-0:DDL] in serial mode
INFO  : Completed executing command(queryId=hive_20260428131417_0f7b4747-db43-4045-8826-72a962762cf6); Time taken: 0.007 seconds
INFO  : OK
20 rows selected (0.065 seconds)
Beeline version 2.3.9 by Apache Hive
Closing: 0: jdbc:hive2://hadoop-03.uni.innopolis.ru:10001
